<?xml version="1.0" encoding="UTF-8"?>
<testsuite xmlns:xsi="http://www.w3.org/2001/XMLSchema-instance" xsi:noNamespaceSchemaLocation="https://maven.apache.org/surefire/maven-surefire-plugin/xsd/surefire-test-report-3.0.xsd" version="3.0" name="salary.SalaryTest" time="1.628" tests="3" errors="1" skipped="1" failures="0">
  <properties>
[...]
</properties>
  <testcase name="checkAlgorithmBruttonNetto" classname="salary.SalaryTest" time="0.43">
    <error type="java.io.FileNotFoundException"><![CDATA[java.io.FileNotFoundException: filename.txt (The system cannot find the file specified)
	at salary.SalaryTest.checkAlgorithmBruttonNetto(SalaryTest.java:43)
]]></error>
  </testcase>
  <testcase name="checkTaxForEmployee" classname="salary.SalaryTest" time="0">
    <skipped type="org.opentest4j.TestAbortedException"><![CDATA[org.opentest4j.TestAbortedException: Assumption failed: assumption is not true
	at salary.SalaryTest.checkTaxForEmployee(SalaryTest.java:68)
]]></skipped>
  </testcase>
  <testcase name="checkAlgorithmTax" classname="salary.SalaryTest" time="0.006"/>
</testsuite>